  [1m[35m (0.1ms)[0m  [1m[34mSELECT sqlite_version(*)[0m
  [1m[35m (11.5ms)[0m  [1m[35mCREATE TABLE "schema_migrations" ("version" varchar NOT NULL PRIMARY KEY)[0m
  [1m[35m (9.7ms)[0m  [1m[35mCREATE TABLE "ar_internal_metadata" ("key" varchar NOT NULL PRIMARY KEY, "value" varchar, "created_at" datetime NOT NULL, "updated_at" datetime NOT NULL)[0m
  [1m[35m (0.1ms)[0m  [1m[34mSELECT "schema_migrations"."version" FROM "schema_migrations" ORDER BY "schema_migrations"."version" ASC[0m
Migrating to CreateFish (20180417191938)
  [1m[35m (0.0ms)[0m  [1m[36mbegin transaction[0m
  [1m[35m (0.3ms)[0m  [1m[35mCREATE TABLE "fish" ("id" INTEGER PRIMARY KEY AUTOINCREMENT NOT NULL, "name" varchar, "created_at" datetime NOT NULL, "updated_at" datetime NOT NULL)[0m
  [1m[35mSQL (0.2ms)[0m  [1m[32mINSERT INTO "schema_migrations" ("version") VALUES (?)[0m  [["version", "20180417191938"]]
  [1m[35m (9.8ms)[0m  [1m[36mcommit transaction[0m
Migrating to CreateTunas (20180417192027)
  [1m[35m (0.1ms)[0m  [1m[36mbegin transaction[0m
  [1m[35m (0.4ms)[0m  [1m[35mCREATE TABLE "tunas" ("id" INTEGER PRIMARY KEY AUTOINCREMENT NOT NULL, "origin" varchar, "Fish_id" integer, "created_at" datetime NOT NULL, "updated_at" datetime NOT NULL, CONSTRAINT "fk_rails_b4bd4d6b54"
FOREIGN KEY ("Fish_id")
  REFERENCES "Fish" ("id")
)[0m
  [1m[35m (0.2ms)[0m  [1m[35mCREATE  INDEX "index_tunas_on_Fish_id" ON "tunas" ("Fish_id")[0m
  [1m[35mSQL (0.1ms)[0m  [1m[32mINSERT INTO "schema_migrations" ("version") VALUES (?)[0m  [["version", "20180417192027"]]
  [1m[35m (10.1ms)[0m  [1m[36mcommit transaction[0m
Migrating to CreateSharks (20180417192049)
  [1m[35m (0.1ms)[0m  [1m[36mbegin transaction[0m
  [1m[35m (0.4ms)[0m  [1m[35mCREATE TABLE "sharks" ("id" INTEGER PRIMARY KEY AUTOINCREMENT NOT NULL, "color" varchar, "Fish_id" integer, "created_at" datetime NOT NULL, "updated_at" datetime NOT NULL, CONSTRAINT "fk_rails_a45380a508"
FOREIGN KEY ("Fish_id")
  REFERENCES "Fish" ("id")
)[0m
  [1m[35m (0.1ms)[0m  [1m[35mCREATE  INDEX "index_sharks_on_Fish_id" ON "sharks" ("Fish_id")[0m
  [1m[35mSQL (0.1ms)[0m  [1m[32mINSERT INTO "schema_migrations" ("version") VALUES (?)[0m  [["version", "20180417192049"]]
  [1m[35m (9.6ms)[0m  [1m[36mcommit transaction[0m
  [1m[36mActiveRecord::InternalMetadata Load (0.2ms)[0m  [1m[34mSELECT  "ar_internal_metadata".* FROM "ar_internal_metadata" WHERE "ar_internal_metadata"."key" = ? LIMIT ?[0m  [["key", "environment"], ["LIMIT", 1]]
  [1m[35m (0.0ms)[0m  [1m[36mbegin transaction[0m
  [1m[35mSQL (0.2ms)[0m  [1m[32mINSERT INTO "ar_internal_metadata" ("key", "value", "created_at", "updated_at") VALUES (?, ?, ?, ?)[0m  [["key", "environment"], ["value", "development"], ["created_at", "2018-04-17 19:25:49.855667"], ["updated_at", "2018-04-17 19:25:49.855667"]]
  [1m[35m (8.2ms)[0m  [1m[36mcommit transaction[0m
  [1m[35m (0.1ms)[0m  [1m[34mSELECT "schema_migrations"."version" FROM "schema_migrations" ORDER BY "schema_migrations"."version" ASC[0m
  [1m[35m (0.1ms)[0m  [1m[34m            SELECT sql
            FROM sqlite_master
            WHERE name='index_sharks_on_Fish_id' AND type='index'
            UNION ALL
            SELECT sql
            FROM sqlite_temp_master
            WHERE name='index_sharks_on_Fish_id' AND type='index'
[0m
  [1m[35m (0.1ms)[0m  [1m[34m            SELECT sql
            FROM sqlite_master
            WHERE name='index_tunas_on_Fish_id' AND type='index'
            UNION ALL
            SELECT sql
            FROM sqlite_temp_master
            WHERE name='index_tunas_on_Fish_id' AND type='index'
[0m
Started GET "/" for 127.0.0.1 at 2018-04-17 16:26:44 -0300
  [1m[35m (0.1ms)[0m  [1m[34mSELECT "schema_migrations"."version" FROM "schema_migrations" ORDER BY "schema_migrations"."version" ASC[0m
Processing by Rails::WelcomeController#index as HTML
  Rendering /home/matias/.rvm/gems/ruby-2.3.0/gems/railties-5.1.6/lib/rails/templates/rails/welcome/index.html.erb
  Rendered /home/matias/.rvm/gems/ruby-2.3.0/gems/railties-5.1.6/lib/rails/templates/rails/welcome/index.html.erb (4.4ms)
Completed 200 OK in 14ms (Views: 8.9ms | ActiveRecord: 0.0ms)


Started GET "/fishes" for 127.0.0.1 at 2018-04-17 16:26:52 -0300
  
ActionController::RoutingError (No route matches [GET] "/fishes"):
  
actionpack (5.1.6) lib/action_dispatch/middleware/debug_exceptions.rb:63:in `call'
web-console (3.6.0) lib/web_console/middleware.rb:137:in `call_app'
web-console (3.6.0) lib/web_console/middleware.rb:30:in `block in call'
web-console (3.6.0) lib/web_console/middleware.rb:20:in `catch'
web-console (3.6.0) lib/web_console/middleware.rb:20:in `call'
actionpack (5.1.6) lib/action_dispatch/middleware/show_exceptions.rb:31:in `call'
railties (5.1.6) lib/rails/rack/logger.rb:36:in `call_app'
railties (5.1.6) lib/rails/rack/logger.rb:24:in `block in call'
activesupport (5.1.6) lib/active_support/tagged_logging.rb:69:in `block in tagged'
activesupport (5.1.6) lib/active_support/tagged_logging.rb:26:in `tagged'
activesupport (5.1.6) lib/active_support/tagged_logging.rb:69:in `tagged'
railties (5.1.6) lib/rails/rack/logger.rb:24:in `call'
sprockets-rails (3.2.1) lib/sprockets/rails/quiet_assets.rb:13:in `call'
actionpack (5.1.6) lib/action_dispatch/middleware/remote_ip.rb:79:in `call'
actionpack (5.1.6) lib/action_dispatch/middleware/request_id.rb:25:in `call'
rack (2.0.4) lib/rack/method_override.rb:22:in `call'
rack (2.0.4) lib/rack/runtime.rb:22:in `call'
activesupport (5.1.6) lib/active_support/cache/strategy/local_cache_middleware.rb:27:in `call'
actionpack (5.1.6) lib/action_dispatch/middleware/executor.rb:12:in `call'
actionpack (5.1.6) lib/action_dispatch/middleware/static.rb:125:in `call'
rack (2.0.4) lib/rack/sendfile.rb:111:in `call'
railties (5.1.6) lib/rails/engine.rb:522:in `call'
puma (3.11.4) lib/puma/configuration.rb:225:in `call'
puma (3.11.4) lib/puma/server.rb:632:in `handle_request'
puma (3.11.4) lib/puma/server.rb:446:in `process_client'
puma (3.11.4) lib/puma/server.rb:306:in `block in run'
puma (3.11.4) lib/puma/thread_pool.rb:120:in `block in spawn_thread'
Started GET "/fish" for 127.0.0.1 at 2018-04-17 16:26:55 -0300
Processing by FishController#index as HTML
  Rendering fish/index.html.erb within layouts/application
  [1m[36mFish Load (0.1ms)[0m  [1m[34mSELECT "fish".* FROM "fish"[0m
  Rendered fish/index.html.erb within layouts/application (2.6ms)
Completed 200 OK in 533ms (Views: 529.3ms | ActiveRecord: 0.6ms)


Started GET "/fishs" for 127.0.0.1 at 2018-04-17 16:27:01 -0300
  
ActionController::RoutingError (No route matches [GET] "/fishs"):
  
actionpack (5.1.6) lib/action_dispatch/middleware/debug_exceptions.rb:63:in `call'
web-console (3.6.0) lib/web_console/middleware.rb:137:in `call_app'
web-console (3.6.0) lib/web_console/middleware.rb:30:in `block in call'
web-console (3.6.0) lib/web_console/middleware.rb:20:in `catch'
web-console (3.6.0) lib/web_console/middleware.rb:20:in `call'
actionpack (5.1.6) lib/action_dispatch/middleware/show_exceptions.rb:31:in `call'
railties (5.1.6) lib/rails/rack/logger.rb:36:in `call_app'
railties (5.1.6) lib/rails/rack/logger.rb:24:in `block in call'
activesupport (5.1.6) lib/active_support/tagged_logging.rb:69:in `block in tagged'
activesupport (5.1.6) lib/active_support/tagged_logging.rb:26:in `tagged'
activesupport (5.1.6) lib/active_support/tagged_logging.rb:69:in `tagged'
railties (5.1.6) lib/rails/rack/logger.rb:24:in `call'
sprockets-rails (3.2.1) lib/sprockets/rails/quiet_assets.rb:13:in `call'
actionpack (5.1.6) lib/action_dispatch/middleware/remote_ip.rb:79:in `call'
actionpack (5.1.6) lib/action_dispatch/middleware/request_id.rb:25:in `call'
rack (2.0.4) lib/rack/method_override.rb:22:in `call'
rack (2.0.4) lib/rack/runtime.rb:22:in `call'
activesupport (5.1.6) lib/active_support/cache/strategy/local_cache_middleware.rb:27:in `call'
actionpack (5.1.6) lib/action_dispatch/middleware/executor.rb:12:in `call'
actionpack (5.1.6) lib/action_dispatch/middleware/static.rb:125:in `call'
rack (2.0.4) lib/rack/sendfile.rb:111:in `call'
railties (5.1.6) lib/rails/engine.rb:522:in `call'
puma (3.11.4) lib/puma/configuration.rb:225:in `call'
puma (3.11.4) lib/puma/server.rb:632:in `handle_request'
puma (3.11.4) lib/puma/server.rb:446:in `process_client'
puma (3.11.4) lib/puma/server.rb:306:in `block in run'
puma (3.11.4) lib/puma/thread_pool.rb:120:in `block in spawn_thread'
Started GET "/fish" for 127.0.0.1 at 2018-04-17 16:27:14 -0300
Processing by FishController#index as HTML
  Rendering fish/index.html.erb within layouts/application
  [1m[36mFish Load (0.2ms)[0m  [1m[34mSELECT "fish".* FROM "fish"[0m
  Rendered fish/index.html.erb within layouts/application (2.3ms)
Completed 200 OK in 35ms (Views: 32.8ms | ActiveRecord: 0.2ms)


Started GET "/" for 127.0.0.1 at 2018-04-17 17:08:57 -0300
  [1m[35m (0.1ms)[0m  [1m[34mSELECT "schema_migrations"."version" FROM "schema_migrations" ORDER BY "schema_migrations"."version" ASC[0m
Processing by Rails::WelcomeController#index as HTML
  Rendering /home/matias/.rvm/gems/ruby-2.3.0/gems/railties-5.1.6/lib/rails/templates/rails/welcome/index.html.erb
  Rendered /home/matias/.rvm/gems/ruby-2.3.0/gems/railties-5.1.6/lib/rails/templates/rails/welcome/index.html.erb (2.2ms)
Completed 200 OK in 8ms (Views: 4.2ms | ActiveRecord: 0.0ms)


  [1m[35m (0.1ms)[0m  [1m[34mSELECT "schema_migrations"."version" FROM "schema_migrations" ORDER BY "schema_migrations"."version" ASC[0m
  [1m[35m (0.1ms)[0m  [1m[34mSELECT "ar_internal_metadata"."value" FROM "ar_internal_metadata" WHERE "ar_internal_metadata"."key" = ?[0m  [["key", "environment"]]
  [1m[35m (0.0ms)[0m  [1m[34mSELECT "schema_migrations"."version" FROM "schema_migrations" ORDER BY "schema_migrations"."version" ASC[0m
  [1m[35m (0.1ms)[0m  [1m[34mSELECT "ar_internal_metadata"."value" FROM "ar_internal_metadata" WHERE "ar_internal_metadata"."key" = ?[0m  [["key", "environment"]]
  [1m[35m (0.0ms)[0m  [1m[34mSELECT "schema_migrations"."version" FROM "schema_migrations" ORDER BY "schema_migrations"."version" ASC[0m
  [1m[35m (0.1ms)[0m  [1m[34mSELECT "ar_internal_metadata"."value" FROM "ar_internal_metadata" WHERE "ar_internal_metadata"."key" = ?[0m  [["key", "environment"]]
  [1m[35m (0.1ms)[0m  [1m[34mSELECT sqlite_version(*)[0m
  [1m[35m (13.6ms)[0m  [1m[35mCREATE TABLE "schema_migrations" ("version" varchar NOT NULL PRIMARY KEY)[0m
  [1m[35m (0.2ms)[0m  [1m[34mSELECT "schema_migrations"."version" FROM "schema_migrations" ORDER BY "schema_migrations"."version" ASC[0m
  [1m[35m (10.1ms)[0m  [1m[32mINSERT INTO "schema_migrations" (version) VALUES (0)[0m
  [1m[35m (8.6ms)[0m  [1m[35mCREATE TABLE "ar_internal_metadata" ("key" varchar NOT NULL PRIMARY KEY, "value" varchar, "created_at" datetime NOT NULL, "updated_at" datetime NOT NULL)[0m
  [1m[36mActiveRecord::InternalMetadata Load (0.2ms)[0m  [1m[34mSELECT  "ar_internal_metadata".* FROM "ar_internal_metadata" WHERE "ar_internal_metadata"."key" = ? LIMIT ?[0m  [["key", "environment"], ["LIMIT", 1]]
  [1m[35m (0.1ms)[0m  [1m[36mbegin transaction[0m
  [1m[35mSQL (0.2ms)[0m  [1m[32mINSERT INTO "ar_internal_metadata" ("key", "value", "created_at", "updated_at") VALUES (?, ?, ?, ?)[0m  [["key", "environment"], ["value", "development"], ["created_at", "2018-04-18 14:22:52.769086"], ["updated_at", "2018-04-18 14:22:52.769086"]]
  [1m[35m (10.4ms)[0m  [1m[36mcommit transaction[0m
  [1m[36mActiveRecord::InternalMetadata Load (0.1ms)[0m  [1m[34mSELECT  "ar_internal_metadata".* FROM "ar_internal_metadata" WHERE "ar_internal_metadata"."key" = ? LIMIT ?[0m  [["key", "environment"], ["LIMIT", 1]]
  [1m[35m (0.1ms)[0m  [1m[36mbegin transaction[0m
  [1m[35m (0.0ms)[0m  [1m[36mcommit transaction[0m
  [1m[35m (0.1ms)[0m  [1m[34mSELECT sqlite_version(*)[0m
  [1m[35m (12.1ms)[0m  [1m[35mCREATE TABLE "schema_migrations" ("version" varchar NOT NULL PRIMARY KEY)[0m
  [1m[35m (0.2ms)[0m  [1m[34mSELECT "schema_migrations"."version" FROM "schema_migrations" ORDER BY "schema_migrations"."version" ASC[0m
  [1m[35m (9.9ms)[0m  [1m[32mINSERT INTO "schema_migrations" (version) VALUES (0)[0m
  [1m[35m (12.2ms)[0m  [1m[35mCREATE TABLE "ar_internal_metadata" ("key" varchar NOT NULL PRIMARY KEY, "value" varchar, "created_at" datetime NOT NULL, "updated_at" datetime NOT NULL)[0m
  [1m[36mActiveRecord::InternalMetadata Load (0.2ms)[0m  [1m[34mSELECT  "ar_internal_metadata".* FROM "ar_internal_metadata" WHERE "ar_internal_metadata"."key" = ? LIMIT ?[0m  [["key", "environment"], ["LIMIT", 1]]
  [1m[35m (0.0ms)[0m  [1m[36mbegin transaction[0m
  [1m[35mSQL (0.2ms)[0m  [1m[32mINSERT INTO "ar_internal_metadata" ("key", "value", "created_at", "updated_at") VALUES (?, ?, ?, ?)[0m  [["key", "environment"], ["value", "development"], ["created_at", "2018-04-18 14:22:52.833944"], ["updated_at", "2018-04-18 14:22:52.833944"]]
  [1m[35m (9.9ms)[0m  [1m[36mcommit transaction[0m
  [1m[36mActiveRecord::InternalMetadata Load (0.1ms)[0m  [1m[34mSELECT  "ar_internal_metadata".* FROM "ar_internal_metadata" WHERE "ar_internal_metadata"."key" = ? LIMIT ?[0m  [["key", "environment"], ["LIMIT", 1]]
  [1m[35m (0.1ms)[0m  [1m[36mbegin transaction[0m
  [1m[35mSQL (0.2ms)[0m  [1m[33mUPDATE "ar_internal_metadata" SET "value" = ?, "updated_at" = ? WHERE "ar_internal_metadata"."key" = ?[0m  [["value", "test"], ["updated_at", "2018-04-18 14:22:52.848773"], ["key", "environment"]]
  [1m[35m (9.7ms)[0m  [1m[36mcommit transaction[0m
  [1m[35m (0.1ms)[0m  [1m[34mSELECT "schema_migrations"."version" FROM "schema_migrations" ORDER BY "schema_migrations"."version" ASC[0m
  [1m[35m (0.1ms)[0m  [1m[34mSELECT "schema_migrations"."version" FROM "schema_migrations" ORDER BY "schema_migrations"."version" ASC[0m
Migrating to CreateFish (20180417191938)
  [1m[35m (0.1ms)[0m  [1m[36mbegin transaction[0m
  [1m[35m (0.1ms)[0m  [1m[34mSELECT sqlite_version(*)[0m
  [1m[35m (1.7ms)[0m  [1m[35mCREATE TABLE "fish" ("id" INTEGER PRIMARY KEY AUTOINCREMENT NOT NULL, "name" varchar, "created_at" datetime NOT NULL, "updated_at" datetime NOT NULL)[0m
  [1m[35mSQL (0.1ms)[0m  [1m[32mINSERT INTO "schema_migrations" ("version") VALUES (?)[0m  [["version", "20180417191938"]]
  [1m[35m (12.8ms)[0m  [1m[36mcommit transaction[0m
Migrating to CreateTunas (20180418142021)
  [1m[35m (0.1ms)[0m  [1m[36mbegin transaction[0m
  [1m[35m (0.4ms)[0m  [1m[35mCREATE TABLE "tunas" ("id" INTEGER PRIMARY KEY AUTOINCREMENT NOT NULL, "origin" varchar, "fish_id" integer, "created_at" datetime NOT NULL, "updated_at" datetime NOT NULL, CONSTRAINT "fk_rails_2297aaf92a"
FOREIGN KEY ("fish_id")
  REFERENCES "fish" ("id")
)[0m
  [1m[35m (0.2ms)[0m  [1m[35mCREATE  INDEX "index_tunas_on_fish_id" ON "tunas" ("fish_id")[0m
  [1m[35mSQL (0.1ms)[0m  [1m[32mINSERT INTO "schema_migrations" ("version") VALUES (?)[0m  [["version", "20180418142021"]]
  [1m[35m (13.3ms)[0m  [1m[36mcommit transaction[0m
Migrating to CreateSharks (20180418142241)
  [1m[35m (0.1ms)[0m  [1m[36mbegin transaction[0m
  [1m[35m (0.3ms)[0m  [1m[35mCREATE TABLE "sharks" ("id" INTEGER PRIMARY KEY AUTOINCREMENT NOT NULL, "color" varchar, "fish_id" integer, "created_at" datetime NOT NULL, "updated_at" datetime NOT NULL, CONSTRAINT "fk_rails_1026d6c647"
FOREIGN KEY ("fish_id")
  REFERENCES "fish" ("id")
)[0m
  [1m[35m (0.1ms)[0m  [1m[35mCREATE  INDEX "index_sharks_on_fish_id" ON "sharks" ("fish_id")[0m
  [1m[35mSQL (0.2ms)[0m  [1m[32mINSERT INTO "schema_migrations" ("version") VALUES (?)[0m  [["version", "20180418142241"]]
  [1m[35m (9.6ms)[0m  [1m[36mcommit transaction[0m
  [1m[36mActiveRecord::InternalMetadata Load (0.2ms)[0m  [1m[34mSELECT  "ar_internal_metadata".* FROM "ar_internal_metadata" WHERE "ar_internal_metadata"."key" = ? LIMIT ?[0m  [["key", "environment"], ["LIMIT", 1]]
  [1m[35m (0.1ms)[0m  [1m[36mbegin transaction[0m
  [1m[35m (0.0ms)[0m  [1m[36mcommit transaction[0m
  [1m[35m (0.1ms)[0m  [1m[34mSELECT "schema_migrations"."version" FROM "schema_migrations" ORDER BY "schema_migrations"."version" ASC[0m
  [1m[35m (0.1ms)[0m  [1m[34m            SELECT sql
            FROM sqlite_master
            WHERE name='index_sharks_on_fish_id' AND type='index'
            UNION ALL
            SELECT sql
            FROM sqlite_temp_master
            WHERE name='index_sharks_on_fish_id' AND type='index'
[0m
  [1m[35m (0.1ms)[0m  [1m[34m            SELECT sql
            FROM sqlite_master
            WHERE name='index_tunas_on_fish_id' AND type='index'
            UNION ALL
            SELECT sql
            FROM sqlite_temp_master
            WHERE name='index_tunas_on_fish_id' AND type='index'
[0m
Started GET "/" for 127.0.0.1 at 2018-04-18 11:23:33 -0300
  [1m[35m (0.1ms)[0m  [1m[34mSELECT "schema_migrations"."version" FROM "schema_migrations" ORDER BY "schema_migrations"."version" ASC[0m
Processing by Rails::WelcomeController#index as HTML
  Rendering /home/matias/.rvm/gems/ruby-2.3.0/gems/railties-5.1.6/lib/rails/templates/rails/welcome/index.html.erb
  Rendered /home/matias/.rvm/gems/ruby-2.3.0/gems/railties-5.1.6/lib/rails/templates/rails/welcome/index.html.erb (2.4ms)
Completed 200 OK in 10ms (Views: 5.1ms | ActiveRecord: 0.0ms)


Started GET "/" for 127.0.0.1 at 2018-04-18 16:36:26 -0300
  [1m[35m (0.1ms)[0m  [1m[34mSELECT "schema_migrations"."version" FROM "schema_migrations" ORDER BY "schema_migrations"."version" ASC[0m
Processing by Rails::WelcomeController#index as HTML
  Rendering /home/matias/.rvm/gems/ruby-2.3.0/gems/railties-5.1.6/lib/rails/templates/rails/welcome/index.html.erb
  Rendered /home/matias/.rvm/gems/ruby-2.3.0/gems/railties-5.1.6/lib/rails/templates/rails/welcome/index.html.erb (3.0ms)
Completed 200 OK in 224ms (Views: 7.1ms | ActiveRecord: 0.0ms)


Started GET "/shark" for 127.0.0.1 at 2018-04-18 16:36:32 -0300
  
ActionController::RoutingError (No route matches [GET] "/shark"):
  
actionpack (5.1.6) lib/action_dispatch/middleware/debug_exceptions.rb:63:in `call'
web-console (3.6.0) lib/web_console/middleware.rb:137:in `call_app'
web-console (3.6.0) lib/web_console/middleware.rb:30:in `block in call'
web-console (3.6.0) lib/web_console/middleware.rb:20:in `catch'
web-console (3.6.0) lib/web_console/middleware.rb:20:in `call'
actionpack (5.1.6) lib/action_dispatch/middleware/show_exceptions.rb:31:in `call'
railties (5.1.6) lib/rails/rack/logger.rb:36:in `call_app'
railties (5.1.6) lib/rails/rack/logger.rb:24:in `block in call'
activesupport (5.1.6) lib/active_support/tagged_logging.rb:69:in `block in tagged'
activesupport (5.1.6) lib/active_support/tagged_logging.rb:26:in `tagged'
activesupport (5.1.6) lib/active_support/tagged_logging.rb:69:in `tagged'
railties (5.1.6) lib/rails/rack/logger.rb:24:in `call'
sprockets-rails (3.2.1) lib/sprockets/rails/quiet_assets.rb:13:in `call'
actionpack (5.1.6) lib/action_dispatch/middleware/remote_ip.rb:79:in `call'
actionpack (5.1.6) lib/action_dispatch/middleware/request_id.rb:25:in `call'
rack (2.0.4) lib/rack/method_override.rb:22:in `call'
rack (2.0.4) lib/rack/runtime.rb:22:in `call'
activesupport (5.1.6) lib/active_support/cache/strategy/local_cache_middleware.rb:27:in `call'
actionpack (5.1.6) lib/action_dispatch/middleware/executor.rb:12:in `call'
actionpack (5.1.6) lib/action_dispatch/middleware/static.rb:125:in `call'
rack (2.0.4) lib/rack/sendfile.rb:111:in `call'
railties (5.1.6) lib/rails/engine.rb:522:in `call'
puma (3.11.4) lib/puma/configuration.rb:225:in `call'
puma (3.11.4) lib/puma/server.rb:632:in `handle_request'
puma (3.11.4) lib/puma/server.rb:446:in `process_client'
puma (3.11.4) lib/puma/server.rb:306:in `block in run'
puma (3.11.4) lib/puma/thread_pool.rb:120:in `block in spawn_thread'
Started GET "/sharks" for 127.0.0.1 at 2018-04-18 16:36:37 -0300
Processing by SharksController#index as HTML
Creating scope :find_by_color. Overwriting existing method Shark.find_by_color.
  Rendering sharks/index.html.erb within layouts/application
  [1m[36mShark Load (0.1ms)[0m  [1m[34mSELECT "sharks".* FROM "sharks"[0m
  Rendered sharks/index.html.erb within layouts/application (1.3ms)
Completed 200 OK in 163ms (Views: 155.8ms | ActiveRecord: 0.7ms)


Started GET "/sharks/new" for 127.0.0.1 at 2018-04-18 16:36:39 -0300
Processing by SharksController#new as HTML
  Rendering sharks/new.html.erb within layouts/application
  Rendered sharks/_form.html.erb (394.7ms)
  Rendered sharks/new.html.erb within layouts/application (395.9ms)
Completed 200 OK in 415ms (Views: 408.2ms | ActiveRecord: 0.4ms)


Started POST "/sharks" for 127.0.0.1 at 2018-04-18 16:36:41 -0300
Processing by SharksController#create as HTML
  Parameters: {"utf8"=>"✓", "authenticity_token"=>"xCnK2rHbWSmUOpmswBKlLqLDwMIk9J0ryfLc82p1kDxKfGIIH2+SvjzKV7lQOFa3FreYuZ2QWJxFTdrGQLdWJQ==", "shark"=>{"color"=>"asdasda", "fish_id"=>"1"}, "commit"=>"Create Shark"}
  [1m[35m (0.1ms)[0m  [1m[36mbegin transaction[0m
  [1m[36mFish Load (0.2ms)[0m  [1m[34mSELECT  "fish".* FROM "fish" WHERE "fish"."id" = ? LIMIT ?[0m  [["id", 1], ["LIMIT", 1]]
  [1m[35m (0.0ms)[0m  [1m[31mrollback transaction[0m
  Rendering sharks/new.html.erb within layouts/application
  Rendered sharks/_form.html.erb (5.6ms)
  Rendered sharks/new.html.erb within layouts/application (6.7ms)
Completed 200 OK in 37ms (Views: 21.3ms | ActiveRecord: 0.9ms)


Started POST "/sharks" for 127.0.0.1 at 2018-04-18 16:36:43 -0300
Processing by SharksController#create as HTML
  Parameters: {"utf8"=>"✓", "authenticity_token"=>"1bz1vg9ewByVzVwwYmxlh3Xc++PV/bhQx98jsHdA75VrGRtNPNRvpjiyAEs2RtNJjVEN26yXmmIY8jnCp95DRA==", "shark"=>{"color"=>"asdasda", "fish_id"=>"2"}, "commit"=>"Create Shark"}
  [1m[35m (0.1ms)[0m  [1m[36mbegin transaction[0m
  [1m[36mFish Load (0.1ms)[0m  [1m[34mSELECT  "fish".* FROM "fish" WHERE "fish"."id" = ? LIMIT ?[0m  [["id", 2], ["LIMIT", 1]]
  [1m[35m (0.0ms)[0m  [1m[31mrollback transaction[0m
  Rendering sharks/new.html.erb within layouts/application
  Rendered sharks/_form.html.erb (2.3ms)
  Rendered sharks/new.html.erb within layouts/application (3.4ms)
Completed 200 OK in 21ms (Views: 17.9ms | ActiveRecord: 0.3ms)


Started GET "/sharks" for 127.0.0.1 at 2018-04-18 16:36:45 -0300
Processing by SharksController#index as HTML
  Rendering sharks/index.html.erb within layouts/application
  [1m[36mShark Load (0.2ms)[0m  [1m[34mSELECT "sharks".* FROM "sharks"[0m
  Rendered sharks/index.html.erb within layouts/application (1.6ms)
Completed 200 OK in 19ms (Views: 17.8ms | ActiveRecord: 0.2ms)


Started GET "/" for 127.0.0.1 at 2018-04-18 23:02:32 -0300
  [1m[35m (0.1ms)[0m  [1m[34mSELECT "schema_migrations"."version" FROM "schema_migrations" ORDER BY "schema_migrations"."version" ASC[0m
Processing by Rails::WelcomeController#index as HTML
  Rendering /home/matias/.rvm/gems/ruby-2.3.0/gems/railties-5.1.6/lib/rails/templates/rails/welcome/index.html.erb
  Rendered /home/matias/.rvm/gems/ruby-2.3.0/gems/railties-5.1.6/lib/rails/templates/rails/welcome/index.html.erb (2.3ms)
Completed 200 OK in 10ms (Views: 4.6ms | ActiveRecord: 0.0ms)


Started GET "/tunas" for 127.0.0.1 at 2018-04-18 23:02:37 -0300
Processing by TunasController#index as HTML
Creating scope :find_by_origin. Overwriting existing method Tuna.find_by_origin.
  Rendering tunas/index.html.erb within layouts/application
  [1m[36mTuna Load (0.2ms)[0m  [1m[34mSELECT "tunas".* FROM "tunas"[0m
  Rendered tunas/index.html.erb within layouts/application (6.2ms)
Completed 200 OK in 170ms (Views: 161.0ms | ActiveRecord: 1.0ms)


Started GET "/fish" for 127.0.0.1 at 2018-04-18 23:02:42 -0300
Processing by FishController#index as HTML
  Rendering fish/index.html.erb within layouts/application
  [1m[36mFish Load (0.2ms)[0m  [1m[34mSELECT "fish".* FROM "fish"[0m
  Rendered fish/index.html.erb within layouts/application (1.9ms)
Completed 200 OK in 21ms (Views: 16.3ms | ActiveRecord: 0.4ms)


Started GET "/fish/new" for 127.0.0.1 at 2018-04-18 23:02:43 -0300
Processing by FishController#new as HTML
  Rendering fish/new.html.erb within layouts/application
  Rendered fish/_form.html.erb (385.9ms)
  Rendered fish/new.html.erb within layouts/application (387.0ms)
Completed 200 OK in 409ms (Views: 402.7ms | ActiveRecord: 0.5ms)


Started POST "/fish" for 127.0.0.1 at 2018-04-18 23:02:46 -0300
Processing by FishController#create as HTML
  Parameters: {"utf8"=>"✓", "authenticity_token"=>"2HuH1UHLwdQ0tDsHFCk4LsGxxv9F0X94LRShrPevCSiThTa8bjpG74L1NVTI069wNoBfItGcqdHSfirOFj3jUw==", "fish"=>{"name"=>"asdasd"}, "commit"=>"Create Fish"}
  [1m[35m (0.1ms)[0m  [1m[36mbegin transaction[0m
  [1m[35mSQL (1.0ms)[0m  [1m[32mINSERT INTO "fish" ("name", "created_at", "updated_at") VALUES (?, ?, ?)[0m  [["name", "asdasd"], ["created_at", "2018-04-19 02:02:46.168200"], ["updated_at", "2018-04-19 02:02:46.168200"]]
  [1m[35m (8.9ms)[0m  [1m[36mcommit transaction[0m
Redirected to http://localhost:3000/fish/1
Completed 302 Found in 15ms (ActiveRecord: 9.9ms)


Started GET "/fish/1" for 127.0.0.1 at 2018-04-18 23:02:46 -0300
Processing by FishController#show as HTML
  Parameters: {"id"=>"1"}
  [1m[36mFish Load (0.2ms)[0m  [1m[34mSELECT  "fish".* FROM "fish" WHERE "fish"."id" = ? LIMIT ?[0m  [["id", 1], ["LIMIT", 1]]
  Rendering fish/show.html.erb within layouts/application
  Rendered fish/show.html.erb within layouts/application (1.4ms)
Completed 200 OK in 22ms (Views: 17.0ms | ActiveRecord: 0.2ms)


Started GET "/fish" for 127.0.0.1 at 2018-04-18 23:02:47 -0300
Processing by FishController#index as HTML
  Rendering fish/index.html.erb within layouts/application
  [1m[36mFish Load (0.2ms)[0m  [1m[34mSELECT "fish".* FROM "fish"[0m
  Rendered fish/index.html.erb within layouts/application (2.3ms)
Completed 200 OK in 19ms (Views: 17.9ms | ActiveRecord: 0.2ms)


Started GET "/sharks" for 127.0.0.1 at 2018-04-18 23:02:53 -0300
Processing by SharksController#index as HTML
Creating scope :find_by_color. Overwriting existing method Shark.find_by_color.
  Rendering sharks/index.html.erb within layouts/application
  [1m[36mShark Load (0.2ms)[0m  [1m[34mSELECT "sharks".* FROM "sharks"[0m
  Rendered sharks/index.html.erb within layouts/application (1.7ms)
Completed 200 OK in 19ms (Views: 14.5ms | ActiveRecord: 0.6ms)


Started GET "/sharks/new" for 127.0.0.1 at 2018-04-18 23:02:54 -0300
Processing by SharksController#new as HTML
  Rendering sharks/new.html.erb within layouts/application
  Rendered sharks/_form.html.erb (2.4ms)
  Rendered sharks/new.html.erb within layouts/application (3.3ms)
Completed 200 OK in 23ms (Views: 18.0ms | ActiveRecord: 0.3ms)


Started GET "/sharks/new" for 127.0.0.1 at 2018-04-18 23:04:14 -0300
Processing by SharksController#new as HTML
  Rendering sharks/new.html.erb within layouts/application
  [1m[36mFish Load (0.2ms)[0m  [1m[34mSELECT "fish".* FROM "fish"[0m
  Rendered sharks/_form.html.erb (7.1ms)
  Rendered sharks/new.html.erb within layouts/application (8.3ms)
Completed 500 Internal Server Error in 11ms (ActiveRecord: 0.2ms)


  
ActionView::Template::Error (undefined method `merge' for [["asdasd", 1]]:Array):
    19:   <div class="field">
    20:     <%= form.label :fish_id %>
    21:     <%= form.text_field :fish_id, id: :shark_fish_id %>
    22:     <%= form.select(:fish_id, :shark_fish_id, Fish.all.collect{|p| [p.name, p.id]} ) %>
    23:     
    24:   </div>
    25: 
  
app/views/sharks/_form.html.erb:22:in `block in _app_views_sharks__form_html_erb___2138149609275406485_70330967141280'
app/views/sharks/_form.html.erb:1:in `_app_views_sharks__form_html_erb___2138149609275406485_70330967141280'
app/views/sharks/new.html.erb:3:in `_app_views_sharks_new_html_erb__1461985676787562723_70330902285880'
Started GET "/sharks/new" for 127.0.0.1 at 2018-04-18 23:04:28 -0300
Processing by SharksController#new as HTML
  Rendering sharks/new.html.erb within layouts/application
  [1m[36mFish Load (0.2ms)[0m  [1m[34mSELECT "fish".* FROM "fish"[0m
  Rendered sharks/_form.html.erb (5.6ms)
  Rendered sharks/new.html.erb within layouts/application (6.5ms)
Completed 500 Internal Server Error in 9ms (ActiveRecord: 0.2ms)


  
ActionView::Template::Error (undefined method `merge' for [["asdasd"]]:Array):
    19:   <div class="field">
    20:     <%= form.label :fish_id %>
    21:     <%= form.text_field :fish_id, id: :shark_fish_id %>
    22:     <%= form.select(:fish_id, :shark_fish_id, Fish.all.collect{|p| [p.name]} ) %>
    23:     
    24:   </div>
    25: 
  
app/views/sharks/_form.html.erb:22:in `block in _app_views_sharks__form_html_erb___2138149609275406485_70330862495360'
app/views/sharks/_form.html.erb:1:in `_app_views_sharks__form_html_erb___2138149609275406485_70330862495360'
app/views/sharks/new.html.erb:3:in `_app_views_sharks_new_html_erb__1461985676787562723_70330862447180'
Started GET "/sharks/new" for 127.0.0.1 at 2018-04-18 23:04:47 -0300
Processing by SharksController#new as HTML
  Rendering sharks/new.html.erb within layouts/application
  Rendered sharks/_form.html.erb (13.0ms)
  Rendered sharks/new.html.erb within layouts/application (14.0ms)
Completed 500 Internal Server Error in 17ms (ActiveRecord: 0.0ms)


  
ActionView::Template::Error (Unknown key: :object. Valid keys are: :includes, :eager_load, :preload, :select, :group, :order, :joins, :left_joins, :left_outer_joins, :references, :extending, :unscope, :limit, :offset, :lock, :readonly, :reordering, :reverse_order, :distinct, :create_with, :where, :having, :from):
    19:   <div class="field">
    20:     <%= form.label :fish_id %>
    21:     <%= form.text_field :fish_id, id: :shark_fish_id %>
    22:     <%= form.select(:fish_id, :shark_fish_id, Fish.all ) %>
    23:     
    24:   </div>
    25: 
  
app/views/sharks/_form.html.erb:22:in `block in _app_views_sharks__form_html_erb___2138149609275406485_70330911613000'
app/views/sharks/_form.html.erb:1:in `_app_views_sharks__form_html_erb___2138149609275406485_70330911613000'
app/views/sharks/new.html.erb:3:in `_app_views_sharks_new_html_erb__1461985676787562723_70330911598180'
Started GET "/sharks/new" for 127.0.0.1 at 2018-04-18 23:04:54 -0300
Processing by SharksController#new as HTML
  Rendering sharks/new.html.erb within layouts/application
  [1m[36mFish Load (0.2ms)[0m  [1m[34mSELECT  "fish".* FROM "fish" LIMIT ?[0m  [["LIMIT", 11]]
  Rendered sharks/_form.html.erb (8.5ms)
  Rendered sharks/new.html.erb within layouts/application (9.6ms)
Completed 500 Internal Server Error in 12ms (ActiveRecord: 0.2ms)


  
ActionView::Template::Error (undefined method `to_string' for #<Fish::ActiveRecord_Relation:0x007fee58b3d370>
Did you mean?  to_set):
    19:   <div class="field">
    20:     <%= form.label :fish_id %>
    21:     <%= form.text_field :fish_id, id: :shark_fish_id %>
    22:     <%= form.select(:fish_id, :shark_fish_id, Fish.all.to_string ) %>
    23:     
    24:   </div>
    25: 
  
app/views/sharks/_form.html.erb:22:in `block in _app_views_sharks__form_html_erb___2138149609275406485_70330834001260'
app/views/sharks/_form.html.erb:1:in `_app_views_sharks__form_html_erb___2138149609275406485_70330834001260'
app/views/sharks/new.html.erb:3:in `_app_views_sharks_new_html_erb__1461985676787562723_70330833772780'
Started GET "/sharks/new" for 127.0.0.1 at 2018-04-18 23:08:32 -0300
Processing by SharksController#new as HTML
  Rendering sharks/new.html.erb within layouts/application
  [1m[36mFish Load (0.3ms)[0m  [1m[34mSELECT "fish".* FROM "fish"[0m
  Rendered sharks/_form.html.erb (12.5ms)
  Rendered sharks/new.html.erb within layouts/application (13.3ms)
Completed 500 Internal Server Error in 16ms (ActiveRecord: 0.3ms)


  
ActionView::Template::Error (undefined method `nome' for #<Fish:0x007fee596cfbc0>
Did you mean?  name):
    19:   <div class="field">
    20:     <%= form.label :fish_id %>
    21:     <%= form.text_field :fish_id, id: :shark_fish_id %>
    22:     <%= form.collection_select :fish_id, Fish.all, :id, :nome, {} %>
    23:     
    24:   </div>
    25: 
  
app/views/sharks/_form.html.erb:22:in `block in _app_views_sharks__form_html_erb___2138149609275406485_70330839386940'
app/views/sharks/_form.html.erb:1:in `_app_views_sharks__form_html_erb___2138149609275406485_70330839386940'
app/views/sharks/new.html.erb:3:in `_app_views_sharks_new_html_erb__1461985676787562723_70330839363940'
Started GET "/sharks/new" for 127.0.0.1 at 2018-04-18 23:08:33 -0300
Processing by SharksController#new as HTML
  Rendering sharks/new.html.erb within layouts/application
  [1m[36mFish Load (0.2ms)[0m  [1m[34mSELECT "fish".* FROM "fish"[0m
  Rendered sharks/_form.html.erb (6.4ms)
  Rendered sharks/new.html.erb within layouts/application (7.3ms)
Completed 500 Internal Server Error in 10ms (ActiveRecord: 0.2ms)


  
ActionView::Template::Error (undefined method `nome' for #<Fish:0x007fee5c4753b8>
Did you mean?  name):
    19:   <div class="field">
    20:     <%= form.label :fish_id %>
    21:     <%= form.text_field :fish_id, id: :shark_fish_id %>
    22:     <%= form.collection_select :fish_id, Fish.all, :id, :nome, {} %>
    23:     
    24:   </div>
    25: 
  
app/views/sharks/_form.html.erb:22:in `block in _app_views_sharks__form_html_erb___2138149609275406485_70330863444780'
app/views/sharks/_form.html.erb:1:in `_app_views_sharks__form_html_erb___2138149609275406485_70330863444780'
app/views/sharks/new.html.erb:3:in `_app_views_sharks_new_html_erb__1461985676787562723_70330863380800'
Started GET "/sharks/new" for 127.0.0.1 at 2018-04-18 23:08:43 -0300
Processing by SharksController#new as HTML
  Rendering sharks/new.html.erb within layouts/application
  [1m[36mFish Load (0.2ms)[0m  [1m[34mSELECT "fish".* FROM "fish"[0m
  Rendered sharks/_form.html.erb (2.8ms)
  Rendered sharks/new.html.erb within layouts/application (3.8ms)
Completed 200 OK in 23ms (Views: 21.4ms | ActiveRecord: 0.2ms)


Started GET "/sharks/new" for 127.0.0.1 at 2018-04-18 23:08:57 -0300
Processing by SharksController#new as HTML
  Rendering sharks/new.html.erb within layouts/application
  [1m[36mFish Load (0.2ms)[0m  [1m[34mSELECT "fish".* FROM "fish"[0m
  Rendered sharks/_form.html.erb (2.9ms)
  Rendered sharks/new.html.erb within layouts/application (3.8ms)
Completed 200 OK in 22ms (Views: 20.9ms | ActiveRecord: 0.2ms)


Started POST "/sharks" for 127.0.0.1 at 2018-04-18 23:08:59 -0300
Processing by SharksController#create as HTML
  Parameters: {"utf8"=>"✓", "authenticity_token"=>"6qzMqWXGCdgiIVJbzb2SCklDuZ7fjltv7bJvTNrmWMRUCSJaVkymYo9eDiCZlyTEsc5PpqbkeV0yn3U+Cnj0FQ==", "shark"=>{"color"=>"asdasd", "fish_id"=>"1"}, "commit"=>"Create Shark"}
  [1m[35m (0.1ms)[0m  [1m[36mbegin transaction[0m
  [1m[36mFish Load (0.2ms)[0m  [1m[34mSELECT  "fish".* FROM "fish" WHERE "fish"."id" = ? LIMIT ?[0m  [["id", 1], ["LIMIT", 1]]
  [1m[35mSQL (0.3ms)[0m  [1m[32mINSERT INTO "sharks" ("color", "fish_id", "created_at", "updated_at") VALUES (?, ?, ?, ?)[0m  [["color", "asdasd"], ["fish_id", 1], ["created_at", "2018-04-19 02:08:59.825347"], ["updated_at", "2018-04-19 02:08:59.825347"]]
  [1m[35m (6.0ms)[0m  [1m[36mcommit transaction[0m
Redirected to http://localhost:3000/sharks/1
Completed 302 Found in 23ms (ActiveRecord: 6.6ms)


Started GET "/sharks/1" for 127.0.0.1 at 2018-04-18 23:08:59 -0300
Processing by SharksController#show as HTML
  Parameters: {"id"=>"1"}
  [1m[36mShark Load (0.2ms)[0m  [1m[34mSELECT  "sharks".* FROM "sharks" WHERE "sharks"."id" = ? LIMIT ?[0m  [["id", 1], ["LIMIT", 1]]
  Rendering sharks/show.html.erb within layouts/application
  [1m[36mFish Load (0.1ms)[0m  [1m[34mSELECT  "fish".* FROM "fish" WHERE "fish"."id" = ? LIMIT ?[0m  [["id", 1], ["LIMIT", 1]]
  Rendered sharks/show.html.erb within layouts/application (1.3ms)
Completed 200 OK in 16ms (Views: 14.3ms | ActiveRecord: 0.3ms)


Started GET "/sharks" for 127.0.0.1 at 2018-04-18 23:09:04 -0300
Processing by SharksController#index as HTML
  Rendering sharks/index.html.erb within layouts/application
  [1m[36mShark Load (0.2ms)[0m  [1m[34mSELECT "sharks".* FROM "sharks"[0m
  [1m[36mFish Load (0.1ms)[0m  [1m[34mSELECT  "fish".* FROM "fish" WHERE "fish"."id" = ? LIMIT ?[0m  [["id", 1], ["LIMIT", 1]]
  Rendered sharks/index.html.erb within layouts/application (6.6ms)
Completed 200 OK in 26ms (Views: 23.7ms | ActiveRecord: 0.4ms)


Started GET "/sharks" for 127.0.0.1 at 2018-04-18 23:09:26 -0300
Processing by SharksController#index as HTML
  Rendering sharks/index.html.erb within layouts/application
  [1m[36mShark Load (0.2ms)[0m  [1m[34mSELECT "sharks".* FROM "sharks"[0m
  [1m[36mFish Load (0.1ms)[0m  [1m[34mSELECT  "fish".* FROM "fish" WHERE "fish"."id" = ? LIMIT ?[0m  [["id", 1], ["LIMIT", 1]]
  Rendered sharks/index.html.erb within layouts/application (4.7ms)
Completed 200 OK in 24ms (Views: 22.9ms | ActiveRecord: 0.3ms)


Started GET "/sharks" for 127.0.0.1 at 2018-04-18 23:10:06 -0300
Processing by SharksController#index as HTML
  Rendering sharks/index.html.erb within layouts/application
  [1m[36mShark Load (0.2ms)[0m  [1m[34mSELECT "sharks".* FROM "sharks"[0m
  [1m[36mFish Load (0.1ms)[0m  [1m[34mSELECT  "fish".* FROM "fish" WHERE "fish"."id" = ? LIMIT ?[0m  [["id", 1], ["LIMIT", 1]]
  Rendered sharks/index.html.erb within layouts/application (2.7ms)
Completed 200 OK in 34ms (Views: 32.6ms | ActiveRecord: 0.2ms)


Started GET "/tunas" for 127.0.0.1 at 2018-04-18 23:10:11 -0300
Processing by TunasController#index as HTML
  Rendering tunas/index.html.erb within layouts/application
  [1m[36mTuna Load (0.2ms)[0m  [1m[34mSELECT "tunas".* FROM "tunas"[0m
  Rendered tunas/index.html.erb within layouts/application (2.2ms)
Completed 200 OK in 23ms (Views: 21.8ms | ActiveRecord: 0.2ms)


Started GET "/tunas/new" for 127.0.0.1 at 2018-04-18 23:10:12 -0300
Processing by TunasController#new as HTML
  Rendering tunas/new.html.erb within layouts/application
  [1m[36mFish Load (0.2ms)[0m  [1m[34mSELECT "fish".* FROM "fish"[0m
  Rendered tunas/_form.html.erb (3.7ms)
  Rendered tunas/new.html.erb within layouts/application (4.8ms)
Completed 200 OK in 33ms (Views: 23.5ms | ActiveRecord: 0.6ms)


Started POST "/tunas" for 127.0.0.1 at 2018-04-18 23:10:15 -0300
Processing by TunasController#create as HTML
  Parameters: {"utf8"=>"✓", "authenticity_token"=>"9GJturn7ErBwqJ+JiTBdKkUHSjuKEC5S9N6TB615D5VkrmUWTP4Z5AGK+dHw3aQN9+HNavvNiM/V7CWKwIQFOg==", "tuna"=>{"origin"=>"asdasda", "fish_id"=>"1"}, "commit"=>"Create Tuna"}
  [1m[35m (0.1ms)[0m  [1m[36mbegin transaction[0m
  [1m[36mFish Load (0.1ms)[0m  [1m[34mSELECT  "fish".* FROM "fish" WHERE "fish"."id" = ? LIMIT ?[0m  [["id", 1], ["LIMIT", 1]]
  [1m[35mSQL (1.0ms)[0m  [1m[32mINSERT INTO "tunas" ("origin", "fish_id", "created_at", "updated_at") VALUES (?, ?, ?, ?)[0m  [["origin", "asdasda"], ["fish_id", 1], ["created_at", "2018-04-19 02:10:16.004801"], ["updated_at", "2018-04-19 02:10:16.004801"]]
  [1m[35m (6.3ms)[0m  [1m[36mcommit transaction[0m
Redirected to http://localhost:3000/tunas/1
Completed 302 Found in 16ms (ActiveRecord: 7.5ms)


Started GET "/tunas/1" for 127.0.0.1 at 2018-04-18 23:10:16 -0300
Processing by TunasController#show as HTML
  Parameters: {"id"=>"1"}
  [1m[36mTuna Load (0.2ms)[0m  [1m[34mSELECT  "tunas".* FROM "tunas" WHERE "tunas"."id" = ? LIMIT ?[0m  [["id", 1], ["LIMIT", 1]]
  Rendering tunas/show.html.erb within layouts/application
  [1m[36mFish Load (0.1ms)[0m  [1m[34mSELECT  "fish".* FROM "fish" WHERE "fish"."id" = ? LIMIT ?[0m  [["id", 1], ["LIMIT", 1]]
  Rendered tunas/show.html.erb within layouts/application (2.2ms)
Completed 200 OK in 21ms (Views: 18.4ms | ActiveRecord: 0.3ms)


Started GET "/tunas" for 127.0.0.1 at 2018-04-18 23:10:17 -0300
Processing by TunasController#index as HTML
  Rendering tunas/index.html.erb within layouts/application
  [1m[36mTuna Load (0.3ms)[0m  [1m[34mSELECT "tunas".* FROM "tunas"[0m
  [1m[36mFish Load (0.2ms)[0m  [1m[34mSELECT  "fish".* FROM "fish" WHERE "fish"."id" = ? LIMIT ?[0m  [["id", 1], ["LIMIT", 1]]
  Rendered tunas/index.html.erb within layouts/application (4.3ms)
Completed 200 OK in 23ms (Views: 21.5ms | ActiveRecord: 0.4ms)


